INFO:werkzeug: * Detected change in 'C:\\Users\\Alexp\\capstone-project\\app.py', reloading
INFO:werkzeug: * Restarting with stat
WARNING:werkzeug: * Debugger is active!
INFO:werkzeug: * Debugger PIN: 102-775-429
INFO:werkzeug:[31m[1mWARNING: This is a development server. Do not use it in a production deployment. Use a production WSGI server instead.[0m
 * Running on http://127.0.0.1:5000
INFO:werkzeug:[33mPress CTRL+C to quit[0m
INFO:werkzeug: * Restarting with stat
WARNING:werkzeug: * Debugger is active!
INFO:werkzeug: * Debugger PIN: 102-775-429
INFO:werkzeug:127.0.0.1 - - [20/Oct/2024 22:01:30] "GET /recent_searches HTTP/1.1" 200 -
INFO:werkzeug:127.0.0.1 - - [20/Oct/2024 22:01:30] "GET /recent_searches HTTP/1.1" 200 -
INFO:werkzeug: * Detected change in 'C:\\Users\\Alexp\\capstone-project\\database\\db_search_query.py', reloading
INFO:werkzeug: * Restarting with stat
WARNING:werkzeug: * Debugger is active!
INFO:werkzeug: * Debugger PIN: 102-775-429
INFO:werkzeug: * Detected change in 'C:\\Users\\Alexp\\capstone-project\\database\\db_search_query.py', reloading
INFO:werkzeug: * Restarting with stat
WARNING:werkzeug: * Debugger is active!
INFO:werkzeug: * Debugger PIN: 102-775-429
INFO:werkzeug: * Detected change in 'C:\\Users\\Alexp\\capstone-project\\database\\db_search_query.py', reloading
INFO:werkzeug: * Restarting with stat
WARNING:werkzeug: * Debugger is active!
INFO:werkzeug: * Debugger PIN: 102-775-429
INFO:werkzeug: * Detected change in 'C:\\Users\\Alexp\\capstone-project\\database\\db_search_query.py', reloading
INFO:werkzeug: * Restarting with stat
WARNING:werkzeug: * Debugger is active!
INFO:werkzeug: * Debugger PIN: 102-775-429
INFO:werkzeug: * Detected change in 'C:\\Users\\Alexp\\capstone-project\\database\\db_search_query.py', reloading
INFO:werkzeug: * Restarting with stat
WARNING:werkzeug: * Debugger is active!
INFO:werkzeug: * Debugger PIN: 102-775-429
INFO:werkzeug: * Detected change in 'C:\\Users\\Alexp\\capstone-project\\database\\db_search_query.py', reloading
INFO:werkzeug: * Restarting with stat
WARNING:werkzeug: * Debugger is active!
INFO:werkzeug: * Debugger PIN: 102-775-429
INFO:werkzeug:[31m[1mWARNING: This is a development server. Do not use it in a production deployment. Use a production WSGI server instead.[0m
 * Running on http://127.0.0.1:5000
INFO:werkzeug:[33mPress CTRL+C to quit[0m
INFO:werkzeug: * Restarting with stat
WARNING:werkzeug: * Debugger is active!
INFO:werkzeug: * Debugger PIN: 102-775-429
INFO:werkzeug:127.0.0.1 - - [20/Oct/2024 22:08:52] "OPTIONS /search HTTP/1.1" 200 -
INFO:werkzeug:[31m[1mWARNING: This is a development server. Do not use it in a production deployment. Use a production WSGI server instead.[0m
 * Running on http://127.0.0.1:5000
INFO:werkzeug:[33mPress CTRL+C to quit[0m
INFO:werkzeug: * Restarting with stat
WARNING:werkzeug: * Debugger is active!
INFO:werkzeug: * Debugger PIN: 102-775-429
INFO:werkzeug:127.0.0.1 - - [20/Oct/2024 22:09:54] "GET /recent_searches HTTP/1.1" 200 -
INFO:werkzeug:127.0.0.1 - - [20/Oct/2024 22:09:55] "GET /recent_searches HTTP/1.1" 200 -
INFO:werkzeug:127.0.0.1 - - [20/Oct/2024 22:16:36] "OPTIONS /search HTTP/1.1" 200 -
ERROR:root:Error scraping page 3 for ASIN B00164U4DC: Message: 
. Retrying...
ERROR:root:Error scraping page 1 for ASIN B01ENK41Q6: Message: 
. Retrying...
ERROR:root:Error scraping page 3 for ASIN B00430C92U: Message: 
. Retrying...
ERROR:root:Error scraping page 2 for ASIN B01ENK41Q6: Message: 
. Retrying...
ERROR:root:Error scraping page 3 for ASIN B00430C92U: Message: 
. Retrying...
ERROR:root:Error scraping page 2 for ASIN B08773SNB3: Message: 
. Retrying...
ERROR:root:Error scraping page 3 for ASIN B00430C92U: Message: 
. Retrying...
ERROR:root:Error scraping page 1 for ASIN B000KEM4TQ: Message: 
. Retrying...
ERROR:root:Error scraping page 3 for ASIN B08QD33PZ2: Message: 
. Retrying...
ERROR:root:Error scraping page 1 for ASIN B08QD33PZ2: Message: 
. Retrying...
ERROR:root:Error scraping page 1 for ASIN B0C8B9V7HR: Message: 
. Retrying...
ERROR:root:Error scraping page 2 for ASIN B0C8B9V7HR: Message: 
. Retrying...
ERROR:root:Error scraping page 3 for ASIN B0C8B9V7HR: Message: 
. Retrying...
ERROR:root:Error scraping page 3 for ASIN B08QD33PZ2: Message: 
. Retrying...
ERROR:root:Error scraping page 3 for ASIN B08VDZB68W: Message: 
. Retrying...
ERROR:root:Error scraping page 1 for ASIN B0C8B9V7HR: Message: 
. Retrying...
ERROR:root:Error scraping page 2 for ASIN B08VDZB68W: Message: 
. Retrying...
ERROR:root:Error scraping page 3 for ASIN B0C8B9V7HR: Message: 
. Retrying...
ERROR:root:Error scraping page 3 for ASIN B08QD33PZ2: Message: 
. Retrying...
ERROR:root:Error scraping page 2 for ASIN B0C8B9V7HR: Message: 
. Retrying...
ERROR:root:Error scraping page 1 for ASIN B0C8B9V7HR: Message: 
. Retrying...
ERROR:root:Error scraping page 2 for ASIN B08VDZB68W: Message: 
. Retrying...
ERROR:root:Error scraping page 3 for ASIN B0C8B9V7HR: Message: 
. Retrying...
ERROR:root:Error scraping page 2 for ASIN B07457Z312: Message: 
. Retrying...
ERROR:root:Error scraping page 3 for ASIN B08VDZB68W: Message: 
. Retrying...
INFO:werkzeug:127.0.0.1 - - [20/Oct/2024 22:24:02] "POST /search HTTP/1.1" 200 -
